2025-08-26 18:12:33 INFO  TC_001_AccountRegistrationTest:14 - ....TC_001_AccountRegistrationTest.........
2025-08-26 18:12:34 INFO  TC_001_AccountRegistrationTest:20 - ....Clicked on my account link.........
2025-08-26 18:12:34 INFO  TC_001_AccountRegistrationTest:23 - ....Clicked on Register link.........
2025-08-26 18:12:34 INFO  TC_001_AccountRegistrationTest:27 - ....Providing Customer Details.........
2025-08-26 18:12:35 INFO  TC_001_AccountRegistrationTest:39 - ....Validating message.........
2025-08-26 18:12:36 INFO  TC_001_AccountRegistrationTest:43 - Test passed
2025-08-26 18:12:36 INFO  TC_001_AccountRegistrationTest:48 - ***** Finished TC001_AccountRegistrationTest *****
2025-08-26 18:12:39 INFO  TC_002_LoginTest:17 - **** Starting TC_002_LoginTest  ****
2025-08-26 18:12:39 INFO  TC_002_LoginTest:24 - clicked on myaccount link on the home page..
2025-08-26 18:12:40 INFO  TC_002_LoginTest:26 - clicked on login link under myaccount..
2025-08-26 18:12:40 INFO  TC_002_LoginTest:30 - Entering valid email and password..
2025-08-26 18:12:40 INFO  TC_002_LoginTest:34 - clicked on ligin button..
2025-08-26 18:12:41 INFO  TC_002_LoginTest:48 - **** Finished TC_002_LoginTest  ****
2025-08-26 18:18:49 INFO  TC_001_AccountRegistrationTest:14 - ....TC_001_AccountRegistrationTest.........
2025-08-26 18:18:50 INFO  TC_001_AccountRegistrationTest:20 - ....Clicked on my account link.........
2025-08-26 18:18:50 INFO  TC_001_AccountRegistrationTest:23 - ....Clicked on Register link.........
2025-08-26 18:18:50 INFO  TC_001_AccountRegistrationTest:27 - ....Providing Customer Details.........
2025-08-26 18:18:51 INFO  TC_001_AccountRegistrationTest:39 - ....Validating message.........
2025-08-26 18:18:51 INFO  TC_001_AccountRegistrationTest:43 - Test passed
2025-08-26 18:18:51 INFO  TC_001_AccountRegistrationTest:48 - ***** Finished TC001_AccountRegistrationTest *****
2025-08-26 18:18:54 INFO  TC_002_LoginTest:17 - **** Starting TC_002_LoginTest  ****
2025-08-26 18:18:54 INFO  TC_002_LoginTest:24 - clicked on myaccount link on the home page..
2025-08-26 18:18:55 INFO  TC_002_LoginTest:26 - clicked on login link under myaccount..
2025-08-26 18:18:55 INFO  TC_002_LoginTest:30 - Entering valid email and password..
2025-08-26 18:18:55 INFO  TC_002_LoginTest:34 - clicked on ligin button..
2025-08-26 18:18:56 INFO  TC_002_LoginTest:48 - **** Finished TC_002_LoginTest  ****
2025-08-26 18:48:12 INFO  TC_001_AccountRegistrationTest:14 - ....TC_001_AccountRegistrationTest.........
2025-08-26 18:48:13 INFO  TC_001_AccountRegistrationTest:20 - ....Clicked on my account link.........
2025-08-26 18:48:13 INFO  TC_001_AccountRegistrationTest:23 - ....Clicked on Register link.........
2025-08-26 18:48:13 INFO  TC_001_AccountRegistrationTest:27 - ....Providing Customer Details.........
2025-08-26 18:48:14 INFO  TC_001_AccountRegistrationTest:39 - ....Validating message.........
2025-08-26 18:48:15 INFO  TC_001_AccountRegistrationTest:43 - Test passed
2025-08-26 18:48:15 INFO  TC_001_AccountRegistrationTest:48 - ***** Finished TC001_AccountRegistrationTest *****
2025-08-26 18:48:18 INFO  TC_002_LoginTest:17 - **** Starting TC_002_LoginTest  ****
2025-08-26 18:48:18 INFO  TC_002_LoginTest:24 - clicked on myaccount link on the home page..
2025-08-26 18:48:19 INFO  TC_002_LoginTest:26 - clicked on login link under myaccount..
2025-08-26 18:48:19 INFO  TC_002_LoginTest:30 - Entering valid email and password..
2025-08-26 18:48:19 INFO  TC_002_LoginTest:34 - clicked on ligin button..
2025-08-26 18:48:20 INFO  TC_002_LoginTest:48 - **** Finished TC_002_LoginTest  ****
2025-08-26 19:04:54 INFO  TC_001_AccountRegistrationTest:14 - ....TC_001_AccountRegistrationTest.........
2025-08-26 19:04:55 INFO  TC_001_AccountRegistrationTest:20 - ....Clicked on my account link.........
2025-08-26 19:04:55 INFO  TC_001_AccountRegistrationTest:23 - ....Clicked on Register link.........
2025-08-26 19:04:55 INFO  TC_001_AccountRegistrationTest:27 - ....Providing Customer Details.........
2025-08-26 19:04:56 INFO  TC_001_AccountRegistrationTest:39 - ....Validating message.........
2025-08-26 19:04:57 INFO  TC_001_AccountRegistrationTest:43 - Test passed
2025-08-26 19:04:57 INFO  TC_001_AccountRegistrationTest:48 - ***** Finished TC001_AccountRegistrationTest *****
2025-08-26 19:04:59 INFO  TC_002_LoginTest:17 - **** Starting TC_002_LoginTest  ****
2025-08-26 19:05:00 INFO  TC_002_LoginTest:24 - clicked on myaccount link on the home page..
2025-08-26 19:05:00 INFO  TC_002_LoginTest:26 - clicked on login link under myaccount..
2025-08-26 19:05:00 INFO  TC_002_LoginTest:30 - Entering valid email and password..
2025-08-26 19:05:01 INFO  TC_002_LoginTest:34 - clicked on ligin button..
2025-08-26 19:05:01 INFO  TC_002_LoginTest:48 - **** Finished TC_002_LoginTest  ****
2025-08-26 20:58:31 INFO  TC_001_AccountRegistrationTest:14 - ....TC_001_AccountRegistrationTest.........
2025-08-26 20:58:31 INFO  TC_001_AccountRegistrationTest:20 - ....Clicked on my account link.........
2025-08-26 20:58:32 INFO  TC_001_AccountRegistrationTest:23 - ....Clicked on Register link.........
2025-08-26 20:58:32 INFO  TC_001_AccountRegistrationTest:27 - ....Providing Customer Details.........
2025-08-26 20:58:33 INFO  TC_001_AccountRegistrationTest:39 - ....Validating message.........
2025-08-26 20:58:33 INFO  TC_001_AccountRegistrationTest:43 - Test passed
2025-08-26 20:58:33 INFO  TC_001_AccountRegistrationTest:48 - ***** Finished TC001_AccountRegistrationTest *****
2025-08-26 20:58:36 INFO  TC_002_LoginTest:17 - **** Starting TC_002_LoginTest  ****
2025-08-26 20:58:36 INFO  TC_002_LoginTest:24 - clicked on myaccount link on the home page..
2025-08-26 20:58:37 INFO  TC_002_LoginTest:26 - clicked on login link under myaccount..
2025-08-26 20:58:37 INFO  TC_002_LoginTest:30 - Entering valid email and password..
2025-08-26 20:58:37 INFO  TC_002_LoginTest:34 - clicked on ligin button..
2025-08-26 20:58:38 INFO  TC_002_LoginTest:48 - **** Finished TC_002_LoginTest  ****
